<?xml version="1.0" encoding="UTF-8"?>
<coverage generated="1631018866358" clover="3.2.0">
  <project timestamp="1631018866358" name="All files">
    <metrics statements="10" coveredstatements="10" conditionals="2" coveredconditionals="2" methods="3" coveredmethods="3" elements="15" coveredelements="15" complexity="0" loc="10" ncloc="10" packages="1" files="1" classes="1"/>
    <file name="index.js" path="C:\Development\Platzi\112-Jest-with-React\jsbase\src\index.js">
      <metrics statements="10" coveredstatements="10" conditionals="2" coveredconditionals="2" methods="3" coveredmethods="3"/>
      <line num="1" count="2" type="stmt"/>
      <line num="8" count="2" type="stmt"/>
      <line num="9" count="2" type="stmt"/>
      <line num="10" count="2" type="stmt"/>
      <line num="13" count="2" type="stmt"/>
      <line num="14" count="3" type="stmt"/>
      <line num="15" count="3" type="cond" truecount="2" falsecount="0"/>
      <line num="16" count="1" type="stmt"/>
      <line num="18" count="3" type="stmt"/>
      <line num="21" count="2" type="stmt"/>
    </file>
  </project>
</coverage>
